<?xml version="1.0" encoding="UTF-8"?>
<!-- Generated by org.testng.reporters.JUnitReportReporter -->
<testsuite hostname="Krishna" failures="0" tests="1" name="utils.Hooks" time="0.011" errors="0" timestamp="2025-01-05T22:55:24 IST" skipped="0">
  <testcase classname="utils.Hooks" name="testMethod" time="0.011"/>
</testsuite> <!-- utils.Hooks -->
